<?xml version="1.0" encoding="UTF-8"?>
<!-- Generated by org.testng.reporters.JUnitReportReporter -->
<testsuite hostname="Mypc" name="testNG.BasicAnnoatations" tests="3" failures="0" timestamp="23 Nov 2016 13:51:23 GMT" time="0.061" errors="0">
  <testcase name="function2" time="0.012" classname="testNG.BasicAnnoatations"/>
  <testcase name="function1" time="0.031" classname="testNG.BasicAnnoatations"/>
  <testcase name="a" time="0.018" classname="testNG.BasicAnnoatations"/>
</testsuite> <!-- testNG.BasicAnnoatations -->
