<?xml version="1.0" encoding="UTF-8"?>
<!-- Generated by org.testng.reporters.JUnitReportReporter -->
<testsuite hostname="Mypc" name="testNG.DataproviderEg" tests="3" failures="0" timestamp="24 Nov 2016 14:02:11 GMT" time="43.062" errors="0">
  <testcase name="test" time="9.052" classname="testNG.DataproviderEg"/>
  <testcase name="test" time="12.254" classname="testNG.DataproviderEg"/>
  <testcase name="test" time="21.756" classname="testNG.DataproviderEg"/>
</testsuite> <!-- testNG.DataproviderEg -->
