<?xml version="1.0" encoding="UTF-8"?>
<!-- Generated by org.testng.reporters.JUnitReportReporter -->
<testsuite hostname="Mypc" name="pom.LoginTC" tests="1" failures="0" timestamp="28 Nov 2016 13:48:52 GMT" time="15.009" errors="0">
  <testcase name="login" time="15.009" classname="pom.LoginTC"/>
</testsuite> <!-- pom.LoginTC -->
