<?xml version="1.0" encoding="UTF-8"?>
<!-- Generated by org.testng.reporters.JUnitReportReporter -->
<testsuite hostname="Mypc" name="testNG.EmpregTest" tests="1" failures="0" timestamp="24 Nov 2016 13:49:13 GMT" time="7.029" errors="0">
  <testcase name="empreg" time="7.029" classname="testNG.EmpregTest"/>
</testsuite> <!-- testNG.EmpregTest -->
