<?xml version="1.0" encoding="UTF-8"?>
<!-- Generated by org.testng.reporters.JUnitReportReporter -->
<testsuite hostname="Mypc" name="DriverScripts.Keyword" tests="1" failures="0" timestamp="25 Nov 2016 14:12:29 GMT" time="81.807" errors="0">
  <testcase name="script" time="81.807" classname="DriverScripts.Keyword"/>
</testsuite> <!-- DriverScripts.Keyword -->
