<?xml version="1.0" encoding="UTF-8"?>
<!-- Generated by org.testng.reporters.JUnitReportReporter -->
<testsuite hostname="Mypc" name="DriverScripts.Hybrid" tests="1" failures="0" timestamp="25 Nov 2016 14:23:03 GMT" time="60.115" errors="0">
  <testcase name="script" time="60.115" classname="DriverScripts.Hybrid"/>
</testsuite> <!-- DriverScripts.Hybrid -->
