<?xml version="1.0" encoding="UTF-8"?>
<!-- Generated by org.testng.reporters.JUnitReportReporter -->
<testsuite hostname="Mypc" name="testNG.UserregTest" tests="1" failures="0" timestamp="24 Nov 2016 13:49:13 GMT" time="9.071" errors="0">
  <testcase name="userreg" time="9.071" classname="testNG.UserregTest"/>
</testsuite> <!-- testNG.UserregTest -->
