<?xml version="1.0" encoding="UTF-8"?>
<!-- Generated by org.testng.reporters.JUnitReportReporter -->
<testsuite hostname="Mypc" name="testNG.PrimusLoginTC" tests="1" failures="0" timestamp="23 Nov 2016 14:06:01 GMT" time="7.141" errors="0">
  <testcase name="primus_Login" time="7.141" classname="testNG.PrimusLoginTC"/>
</testsuite> <!-- testNG.PrimusLoginTC -->
