<?xml version="1.0" encoding="UTF-8"?>
<!-- Generated by org.testng.reporters.JUnitReportReporter -->
<testsuite hostname="Mypc" name="testNG.LoginTC" tests="1" failures="0" timestamp="23 Nov 2016 14:11:55 GMT" time="37.766" errors="0">
  <testcase name="org_Login111" time="37.766" classname="testNG.LoginTC"/>
</testsuite> <!-- testNG.LoginTC -->
